<?xml version="1.0" encoding="UTF-8"?>
<!-- Generated by org.testng.reporters.JUnitReportReporter -->
<testsuite hostname="LAPTOP-CE7R4UV6" failures="0" tests="3" name="pac1.CreatecontactTest" time="0.021" errors="0" timestamp="2025-03-05T15:59:47 IST" skipped="0">
  <testcase classname="pac1.CreatecontactTest" name="modifycontacttest" time="0.001"/>
  <testcase classname="pac1.CreatecontactTest" name="createcontacttest" time="0.016"/>
  <testcase classname="pac1.CreatecontactTest" name="deletecontacttest" time="0.004"/>
</testsuite> <!-- pac1.CreatecontactTest -->
